<testsuite errors="0" failures="2" hostname="apples-MacBook-Pro.local" name="Contract Tests" skipped="0" tests="5"
           time="2.234" timestamp="2024-04-22T23:27:12">
    <properties>
[...]
</properties>
    <testcase classname="in.specmatic.test.SpecmaticJUnitSupport"
              name="+ve  Scenario: GET /products/(id:number) -&gt; 404 | EX:INVALID_ID" time="0.005">
        <system-out><![CDATA[
            unique-id:
            [engine:junit-jupiter]/[class:in.specmatic.test.SpecmaticJUnitSupport]/[test-factory:contractTest()]/[dynamic-test:#6]
            display-name: +ve Scenario: GET /products/(id:number) -> 404 | EX:INVALID_ID
            ]]>
        </system-out>
    </testcase>
    <testcase classname="in.specmatic.test.SpecmaticJUnitSupport"
              name="+ve  Scenario: DELETE /products/(id:number) -&gt; 200 | EX:DELETE_PRODUCT" time="0.006">
        <failure message="server error"></failure>
        <system-out><![CDATA[
            unique-id:
            [engine:junit-jupiter]/[class:in.specmatic.test.SpecmaticJUnitSupport]/[test-factory:contractTest()]/[dynamic-test:#7]
            display-name: +ve Scenario: DELETE /products/(id:number) -> 200 | EX:DELETE_PRODUCT
            ]]>
        </system-out>
    </testcase>
    <testcase classname="in.specmatic.test.SpecmaticJUnitSupport"
              name="+ve  Scenario: POST /products/(id:number) -&gt; 200 | EX:UPDATE_DETAILS" time="0.005">
        <system-out><![CDATA[
            unique-id:
            [engine:junit-jupiter]/[class:in.specmatic.test.SpecmaticJUnitSupport]/[test-factory:contractTest()]/[dynamic-test:#4]
            display-name: +ve Scenario: POST /products/(id:number) -> 200 | EX:UPDATE_DETAILS
            ]]>
        </system-out>
    </testcase>
    <testcase classname="in.specmatic.test.SpecmaticJUnitSupport"
              name="+ve  Scenario: GET /products/(id:number) -&gt; 200 | EX:GET_DETAILS" time="0.009">
        <failure message="server error"></failure>
        <system-out><![CDATA[
            unique-id:
            [engine:junit-jupiter]/[class:in.specmatic.test.SpecmaticJUnitSupport]/[test-factory:contractTest()]/[dynamic-test:#5]
            display-name: +ve Scenario: GET /products/(id:number) -> 200 | EX:GET_DETAILS
            ]]>
        </system-out>
    </testcase>
    <testcase classname="in.specmatic.test.SpecmaticJUnitSupport"
              name="+ve  Scenario: POST /products/(id:number) -&gt; 200 | EX:UPDATE_DETAILS" time="0.008">
        <system-out><![CDATA[
            unique-id:
            [engine:junit-jupiter]/[class:in.specmatic.test.SpecmaticJUnitSupport]/[test-factory:contractTest()]/[dynamic-test:#2]
            display-name: +ve Scenario: POST /products/(id:number) -> 200 | EX:UPDATE_DETAILS
            ]]>
        </system-out>
    </testcase>
    <system-out><![CDATA[
        unique-id: [engine:junit-jupiter]
        display-name: Contract Tests
        ]]>
    </system-out>
</testsuite>